[   35703ms] [ERROR] Failed to load resource: the server responded with a status of 503 () @ https://8afe265e-28a7-43f8-978f-10f28948cd03-voxel.style.dev/:0
[   35703ms] [ERROR] Failed to load resource: the server responded with a status of 503 () @ https://8afe265e-28a7-43f8-978f-10f28948cd03-voxel.style.dev/:0
[   35767ms] [ERROR] Failed to load resource: the server responded with a status of 503 () @ https://a90068b0-8025-4913-8d34-00c8d9bca0b8-voxel.style.dev/:0
[   35703ms] [ERROR] Failed to load resource: the server responded with a status of 503 () @ https://8afe265e-28a7-43f8-978f-10f28948cd03-voxel.style.dev/:0
[   35767ms] [ERROR] Failed to load resource: the server responded with a status of 503 () @ https://a90068b0-8025-4913-8d34-00c8d9bca0b8-voxel.style.dev/:0
[   35770ms] [ERROR] Failed to load resource: the server responded with a status of 503 () @ https://4b9a309f-36e5-4a3c-9cfe-8bb17c1f8327-voxel.style.dev/:0
[   35703ms] [ERROR] Failed to load resource: the server responded with a status of 503 () @ https://8afe265e-28a7-43f8-978f-10f28948cd03-voxel.style.dev/:0
[   35767ms] [ERROR] Failed to load resource: the server responded with a status of 503 () @ https://a90068b0-8025-4913-8d34-00c8d9bca0b8-voxel.style.dev/:0
[   35770ms] [ERROR] Failed to load resource: the server responded with a status of 503 () @ https://4b9a309f-36e5-4a3c-9cfe-8bb17c1f8327-voxel.style.dev/:0
[   35774ms] [ERROR] Failed to load resource: the server responded with a status of 503 () @ https://8dc929f6-fcf7-42c1-8fbf-2fcebb83dc39-voxel.style.dev/:0
[   35703ms] [ERROR] Failed to load resource: the server responded with a status of 503 () @ https://8afe265e-28a7-43f8-978f-10f28948cd03-voxel.style.dev/:0
[   35767ms] [ERROR] Failed to load resource: the server responded with a status of 503 () @ https://a90068b0-8025-4913-8d34-00c8d9bca0b8-voxel.style.dev/:0
[   35770ms] [ERROR] Failed to load resource: the server responded with a status of 503 () @ https://4b9a309f-36e5-4a3c-9cfe-8bb17c1f8327-voxel.style.dev/:0
[   35774ms] [ERROR] Failed to load resource: the server responded with a status of 503 () @ https://8dc929f6-fcf7-42c1-8fbf-2fcebb83dc39-voxel.style.dev/:0
[   35778ms] [ERROR] Failed to load resource: the server responded with a status of 503 () @ https://431a5dba-6c3b-48c4-8eba-c8695cddfb08-voxel.style.dev/:0
[   35703ms] [ERROR] Failed to load resource: the server responded with a status of 503 () @ https://8afe265e-28a7-43f8-978f-10f28948cd03-voxel.style.dev/:0
[   35767ms] [ERROR] Failed to load resource: the server responded with a status of 503 () @ https://a90068b0-8025-4913-8d34-00c8d9bca0b8-voxel.style.dev/:0
[   35770ms] [ERROR] Failed to load resource: the server responded with a status of 503 () @ https://4b9a309f-36e5-4a3c-9cfe-8bb17c1f8327-voxel.style.dev/:0
[   35774ms] [ERROR] Failed to load resource: the server responded with a status of 503 () @ https://8dc929f6-fcf7-42c1-8fbf-2fcebb83dc39-voxel.style.dev/:0
[   35778ms] [ERROR] Failed to load resource: the server responded with a status of 503 () @ https://431a5dba-6c3b-48c4-8eba-c8695cddfb08-voxel.style.dev/:0
[   35798ms] [ERROR] Failed to load resource: the server responded with a status of 503 () @ https://2c943bcb-1094-4eeb-9a31-09ef6e0e048b-voxel.style.dev/:0
[   35703ms] [ERROR] Failed to load resource: the server responded with a status of 503 () @ https://8afe265e-28a7-43f8-978f-10f28948cd03-voxel.style.dev/:0
[   35767ms] [ERROR] Failed to load resource: the server responded with a status of 503 () @ https://a90068b0-8025-4913-8d34-00c8d9bca0b8-voxel.style.dev/:0
[   35770ms] [ERROR] Failed to load resource: the server responded with a status of 503 () @ https://4b9a309f-36e5-4a3c-9cfe-8bb17c1f8327-voxel.style.dev/:0
[   35774ms] [ERROR] Failed to load resource: the server responded with a status of 503 () @ https://8dc929f6-fcf7-42c1-8fbf-2fcebb83dc39-voxel.style.dev/:0
[   35778ms] [ERROR] Failed to load resource: the server responded with a status of 503 () @ https://431a5dba-6c3b-48c4-8eba-c8695cddfb08-voxel.style.dev/:0
[   35798ms] [ERROR] Failed to load resource: the server responded with a status of 503 () @ https://2c943bcb-1094-4eeb-9a31-09ef6e0e048b-voxel.style.dev/:0
[   35802ms] [ERROR] Failed to load resource: the server responded with a status of 503 () @ https://6aa59315-8099-4d93-9695-5109915ccd96-voxel.style.dev/:0
[   35703ms] [ERROR] Failed to load resource: the server responded with a status of 503 () @ https://8afe265e-28a7-43f8-978f-10f28948cd03-voxel.style.dev/:0
[   35767ms] [ERROR] Failed to load resource: the server responded with a status of 503 () @ https://a90068b0-8025-4913-8d34-00c8d9bca0b8-voxel.style.dev/:0
[   35770ms] [ERROR] Failed to load resource: the server responded with a status of 503 () @ https://4b9a309f-36e5-4a3c-9cfe-8bb17c1f8327-voxel.style.dev/:0
[   35774ms] [ERROR] Failed to load resource: the server responded with a status of 503 () @ https://8dc929f6-fcf7-42c1-8fbf-2fcebb83dc39-voxel.style.dev/:0
[   35778ms] [ERROR] Failed to load resource: the server responded with a status of 503 () @ https://431a5dba-6c3b-48c4-8eba-c8695cddfb08-voxel.style.dev/:0
[   35798ms] [ERROR] Failed to load resource: the server responded with a status of 503 () @ https://2c943bcb-1094-4eeb-9a31-09ef6e0e048b-voxel.style.dev/:0
[   35802ms] [ERROR] Failed to load resource: the server responded with a status of 503 () @ https://6aa59315-8099-4d93-9695-5109915ccd96-voxel.style.dev/:0
[   35805ms] [ERROR] Failed to load resource: the server responded with a status of 503 () @ https://885468e4-0d92-4a43-b01f-7f19d7ca80e7-voxel.style.dev/:0
[   35703ms] [ERROR] Failed to load resource: the server responded with a status of 503 () @ https://8afe265e-28a7-43f8-978f-10f28948cd03-voxel.style.dev/:0
[   35767ms] [ERROR] Failed to load resource: the server responded with a status of 503 () @ https://a90068b0-8025-4913-8d34-00c8d9bca0b8-voxel.style.dev/:0
[   35770ms] [ERROR] Failed to load resource: the server responded with a status of 503 () @ https://4b9a309f-36e5-4a3c-9cfe-8bb17c1f8327-voxel.style.dev/:0
[   35774ms] [ERROR] Failed to load resource: the server responded with a status of 503 () @ https://8dc929f6-fcf7-42c1-8fbf-2fcebb83dc39-voxel.style.dev/:0
[   35778ms] [ERROR] Failed to load resource: the server responded with a status of 503 () @ https://431a5dba-6c3b-48c4-8eba-c8695cddfb08-voxel.style.dev/:0
[   35798ms] [ERROR] Failed to load resource: the server responded with a status of 503 () @ https://2c943bcb-1094-4eeb-9a31-09ef6e0e048b-voxel.style.dev/:0
[   35802ms] [ERROR] Failed to load resource: the server responded with a status of 503 () @ https://6aa59315-8099-4d93-9695-5109915ccd96-voxel.style.dev/:0
[   35805ms] [ERROR] Failed to load resource: the server responded with a status of 503 () @ https://885468e4-0d92-4a43-b01f-7f19d7ca80e7-voxel.style.dev/:0
[   35808ms] [ERROR] Failed to load resource: the server responded with a status of 503 () @ https://da9394a7-ef61-4c17-92cf-12bac3babb96-voxel.style.dev/:0
[   35703ms] [ERROR] Failed to load resource: the server responded with a status of 503 () @ https://8afe265e-28a7-43f8-978f-10f28948cd03-voxel.style.dev/:0
[   35767ms] [ERROR] Failed to load resource: the server responded with a status of 503 () @ https://a90068b0-8025-4913-8d34-00c8d9bca0b8-voxel.style.dev/:0
[   35770ms] [ERROR] Failed to load resource: the server responded with a status of 503 () @ https://4b9a309f-36e5-4a3c-9cfe-8bb17c1f8327-voxel.style.dev/:0
[   35774ms] [ERROR] Failed to load resource: the server responded with a status of 503 () @ https://8dc929f6-fcf7-42c1-8fbf-2fcebb83dc39-voxel.style.dev/:0
[   35778ms] [ERROR] Failed to load resource: the server responded with a status of 503 () @ https://431a5dba-6c3b-48c4-8eba-c8695cddfb08-voxel.style.dev/:0
[   35798ms] [ERROR] Failed to load resource: the server responded with a status of 503 () @ https://2c943bcb-1094-4eeb-9a31-09ef6e0e048b-voxel.style.dev/:0
[   35802ms] [ERROR] Failed to load resource: the server responded with a status of 503 () @ https://6aa59315-8099-4d93-9695-5109915ccd96-voxel.style.dev/:0
[   35805ms] [ERROR] Failed to load resource: the server responded with a status of 503 () @ https://885468e4-0d92-4a43-b01f-7f19d7ca80e7-voxel.style.dev/:0
[   35808ms] [ERROR] Failed to load resource: the server responded with a status of 503 () @ https://da9394a7-ef61-4c17-92cf-12bac3babb96-voxel.style.dev/:0
[   36662ms] [ERROR] Failed to load resource: the server responded with a status of 503 () @ https://8d24309b-a0ed-4224-a192-905109e2ed67-voxel.style.dev/:0
[   59545ms] [WARNING] Image with src "/placeholder-freestyle-logo.svg" was detected as the Largest Contentful Paint (LCP). Please add the `loading="eager"` property if this image is above the fold.
Read more: https://nextjs.org/docs/app/api-reference/components/image#loading @ https://5f3e7a05-d159-4d6b-bb70-9327505c1e52-voxel.style.dev/_next/static/chunks/node_modules_next_dist_f3530cac._.js:2297
[ 1329373ms] [ERROR] WebSocket connection to 'wss://5f3e7a05-d159-4d6b-bb70-9327505c1e52-voxel.style.dev/_next/webpack-hmr?id=DOtYD4OxsFJrlcrdU5rYu' failed: Error during WebSocket handshake: Unexpected response code: 503 @ https://5f3e7a05-d159-4d6b-bb70-9327505c1e52-voxel.style.dev/_next/static/chunks/node_modules_next_dist_client_17643121._.js:10878
[ 1361133ms] [ERROR] WebSocket connection to 'wss://5f3e7a05-d159-4d6b-bb70-9327505c1e52-voxel.style.dev/_next/webpack-hmr?id=DOtYD4OxsFJrlcrdU5rYu' failed: Error during WebSocket handshake: Unexpected response code: 503 @ https://5f3e7a05-d159-4d6b-bb70-9327505c1e52-voxel.style.dev/_next/static/chunks/node_modules_next_dist_client_17643121._.js:10878
[ 1392950ms] [ERROR] WebSocket connection to 'wss://5f3e7a05-d159-4d6b-bb70-9327505c1e52-voxel.style.dev/_next/webpack-hmr?id=DOtYD4OxsFJrlcrdU5rYu' failed: Error during WebSocket handshake: Unexpected response code: 503 @ https://5f3e7a05-d159-4d6b-bb70-9327505c1e52-voxel.style.dev/_next/static/chunks/node_modules_next_dist_client_17643121._.js:10878
[ 1425630ms] [ERROR] WebSocket connection to 'wss://5f3e7a05-d159-4d6b-bb70-9327505c1e52-voxel.style.dev/_next/webpack-hmr?id=DOtYD4OxsFJrlcrdU5rYu' failed: Error during WebSocket handshake: Unexpected response code: 503 @ https://5f3e7a05-d159-4d6b-bb70-9327505c1e52-voxel.style.dev/_next/static/chunks/node_modules_next_dist_client_17643121._.js:10878
[ 1457438ms] [ERROR] WebSocket connection to 'wss://5f3e7a05-d159-4d6b-bb70-9327505c1e52-voxel.style.dev/_next/webpack-hmr?id=DOtYD4OxsFJrlcrdU5rYu' failed: Error during WebSocket handshake: Unexpected response code: 503 @ https://5f3e7a05-d159-4d6b-bb70-9327505c1e52-voxel.style.dev/_next/static/chunks/node_modules_next_dist_client_17643121._.js:10878
[ 1493199ms] [ERROR] WebSocket connection to 'wss://5f3e7a05-d159-4d6b-bb70-9327505c1e52-voxel.style.dev/_next/webpack-hmr?id=DOtYD4OxsFJrlcrdU5rYu' failed: Error during WebSocket handshake: Unexpected response code: 503 @ https://5f3e7a05-d159-4d6b-bb70-9327505c1e52-voxel.style.dev/_next/static/chunks/node_modules_next_dist_client_17643121._.js:10878
[ 1529012ms] [ERROR] WebSocket connection to 'wss://5f3e7a05-d159-4d6b-bb70-9327505c1e52-voxel.style.dev/_next/webpack-hmr?id=DOtYD4OxsFJrlcrdU5rYu' failed: Error during WebSocket handshake: Unexpected response code: 503 @ https://5f3e7a05-d159-4d6b-bb70-9327505c1e52-voxel.style.dev/_next/static/chunks/node_modules_next_dist_client_17643121._.js:10878
[ 1564794ms] [ERROR] WebSocket connection to 'wss://5f3e7a05-d159-4d6b-bb70-9327505c1e52-voxel.style.dev/_next/webpack-hmr?id=DOtYD4OxsFJrlcrdU5rYu' failed: Error during WebSocket handshake: Unexpected response code: 503 @ https://5f3e7a05-d159-4d6b-bb70-9327505c1e52-voxel.style.dev/_next/static/chunks/node_modules_next_dist_client_17643121._.js:10878
[ 1600606ms] [ERROR] WebSocket connection to 'wss://5f3e7a05-d159-4d6b-bb70-9327505c1e52-voxel.style.dev/_next/webpack-hmr?id=DOtYD4OxsFJrlcrdU5rYu' failed: Error during WebSocket handshake: Unexpected response code: 503 @ https://5f3e7a05-d159-4d6b-bb70-9327505c1e52-voxel.style.dev/_next/static/chunks/node_modules_next_dist_client_17643121._.js:10878
[ 1636667ms] [ERROR] WebSocket connection to 'wss://5f3e7a05-d159-4d6b-bb70-9327505c1e52-voxel.style.dev/_next/webpack-hmr?id=DOtYD4OxsFJrlcrdU5rYu' failed: Error during WebSocket handshake: Unexpected response code: 503 @ https://5f3e7a05-d159-4d6b-bb70-9327505c1e52-voxel.style.dev/_next/static/chunks/node_modules_next_dist_client_17643121._.js:10878
[ 1672498ms] [ERROR] WebSocket connection to 'wss://5f3e7a05-d159-4d6b-bb70-9327505c1e52-voxel.style.dev/_next/webpack-hmr?id=DOtYD4OxsFJrlcrdU5rYu' failed: Error during WebSocket handshake: Unexpected response code: 503 @ https://5f3e7a05-d159-4d6b-bb70-9327505c1e52-voxel.style.dev/_next/static/chunks/node_modules_next_dist_client_17643121._.js:10878
[ 1708549ms] [ERROR] WebSocket connection to 'wss://5f3e7a05-d159-4d6b-bb70-9327505c1e52-voxel.style.dev/_next/webpack-hmr?id=DOtYD4OxsFJrlcrdU5rYu' failed: Error during WebSocket handshake: Unexpected response code: 503 @ https://5f3e7a05-d159-4d6b-bb70-9327505c1e52-voxel.style.dev/_next/static/chunks/node_modules_next_dist_client_17643121._.js:10878
[ 1739373ms] [ERROR] Failed to load resource: the server responded with a status of 503 () @ https://5f3e7a05-d159-4d6b-bb70-9327505c1e52-voxel.style.dev/:0
[ 2157215ms] [ERROR] Failed to load resource: net::ERR_EMPTY_RESPONSE @ http://localhost:3002/bfc4b22f-b1d7-441e-81bc-c8be2170554d?_rsc=vusbg:0
[ 2157216ms] [ERROR] Failed to fetch RSC payload for http://localhost:3002/bfc4b22f-b1d7-441e-81bc-c8be2170554d. Falling back to browser navigation. TypeError: Failed to fetch
    at createFetch (http://localhost:3002/_next/static/chunks/node_modules_next_dist_client_17643121._.js:2588:24)
    at fetchServerResponse (http://localhost:3002/_next/static/chunks/node_modules_next_dist_client_17643121._.js:2490:27)
    at navigateDynamicallyWithNoPrefetch (http://localhost:3002/_next/static/chunks/node_modules_next_dist_client_17643121._.js:7943:90)
    at navigate (http://localhost:3002/_next/static/chunks/node_modules_next_dist_client_17643121._.js:7728:15)
    at navigateReducer (http://localhost:3002/_next/static/chunks/node_modules_next_dist_client_17643121._.js:8239:45)
    at clientReducer (http://localhost:3002/_next/static/chunks/node_modules_next_dist_client_17643121._.js:9065:61)
    at Object.action (http://localhost:3002/_next/static/chunks/node_modules_next_dist_client_17643121._.js:9310:55)
    at runAction (http://localhost:3002/_next/static/chunks/node_modules_next_dist_client_17643121._.js:9215:38)
    at dispatchAction (http://localhost:3002/_next/static/chunks/node_modules_next_dist_client_17643121._.js:9278:9)
    at Object.dispatch (http://localhost:3002/_next/static/chunks/node_modules_next_dist_client_17643121._.js:9308:40)
    at http://localhost:3002/_next/static/chunks/node_modules_next_dist_client_17643121._.js:1489:29
    at startTransition (http://localhost:3002/_next/static/chunks/node_modules_next_dist_compiled_react-dom_1e674e59._.js:5500:31)
    at dispatch (http://localhost:3002/_next/static/chunks/node_modules_next_dist_client_17643121._.js:1488:13)
    at dispatchAppRouterAction (http://localhost:3002/_next/static/chunks/node_modules_next_dist_client_17643121._.js:1470:5)
    at dispatchNavigateAction (http://localhost:3002/_next/static/chunks/node_modules_next_dist_client_17643121._.js:9362:49)
    at http://localhost:3002/_next/static/chunks/node_modules_next_dist_client_17643121._.js:9424:13
    at startTransition (http://localhost:3002/_next/static/chunks/node_modules_next_dist_compiled_a0e4c7b4._.js:1279:31)
    at Object.push (http://localhost:3002/_next/static/chunks/node_modules_next_dist_client_17643121._.js:9423:36)
    at onClick (http://localhost:3002/_next/static/chunks/adorable_2ca8e90a._.js:1778:52)
    at executeDispatch (http://localhost:3002/_next/static/chunks/node_modules_next_dist_compiled_react-dom_1e674e59._.js:10314:13)
    at runWithFiberInDEV (http://localhost:3002/_next/static/chunks/node_modules_next_dist_compiled_react-dom_1e674e59._.js:965:74)
    at processDispatchQueue (http://localhost:3002/_next/static/chunks/node_modules_next_dist_compiled_react-dom_1e674e59._.js:10340:41)
    at http://localhost:3002/_next/static/chunks/node_modules_next_dist_compiled_react-dom_1e674e59._.js:10615:13
    at batchedUpdates$1 (http://localhost:3002/_next/static/chunks/node_modules_next_dist_compiled_react-dom_1e674e59._.js:2253:44)
    at dispatchEventForPluginEventSystem (http://localhost:3002/_next/static/chunks/node_modules_next_dist_compiled_react-dom_1e674e59._.js:10416:9)
    at dispatchEvent (http://localhost:3002/_next/static/chunks/node_modules_next_dist_compiled_react-dom_1e674e59._.js:12935:37)
    at dispatchDiscreteEvent (http://localhost:3002/_next/static/chunks/node_modules_next_dist_compiled_react-dom_1e674e59._.js:12917:64) @ http://localhost:3002/_next/static/chunks/node_modules_next_dist_f3530cac._.js:3127
