[   11229ms] [WARNING] Image with src "/placeholder-freestyle-logo.svg" was detected as the Largest Contentful Paint (LCP). Please add the `loading="eager"` property if this image is above the fold.
Read more: https://nextjs.org/docs/app/api-reference/components/image#loading @ https://b1c31364-1bd9-405a-a752-1cdea79232ec-voxel.style.dev/_next/static/chunks/node_modules_next_dist_f3530cac._.js:2297
[   39056ms] [ERROR] Failed to load resource: the server responded with a status of 503 () @ https://8dc929f6-fcf7-42c1-8fbf-2fcebb83dc39-voxel.style.dev/:0
[   39056ms] [ERROR] Failed to load resource: the server responded with a status of 503 () @ https://8dc929f6-fcf7-42c1-8fbf-2fcebb83dc39-voxel.style.dev/:0
[   39060ms] [ERROR] Failed to load resource: the server responded with a status of 503 () @ https://431a5dba-6c3b-48c4-8eba-c8695cddfb08-voxel.style.dev/:0
[   39056ms] [ERROR] Failed to load resource: the server responded with a status of 503 () @ https://8dc929f6-fcf7-42c1-8fbf-2fcebb83dc39-voxel.style.dev/:0
[   39060ms] [ERROR] Failed to load resource: the server responded with a status of 503 () @ https://431a5dba-6c3b-48c4-8eba-c8695cddfb08-voxel.style.dev/:0
[   39066ms] [ERROR] Failed to load resource: the server responded with a status of 503 () @ https://5f3e7a05-d159-4d6b-bb70-9327505c1e52-voxel.style.dev/:0
[   39056ms] [ERROR] Failed to load resource: the server responded with a status of 503 () @ https://8dc929f6-fcf7-42c1-8fbf-2fcebb83dc39-voxel.style.dev/:0
[   39060ms] [ERROR] Failed to load resource: the server responded with a status of 503 () @ https://431a5dba-6c3b-48c4-8eba-c8695cddfb08-voxel.style.dev/:0
[   39066ms] [ERROR] Failed to load resource: the server responded with a status of 503 () @ https://5f3e7a05-d159-4d6b-bb70-9327505c1e52-voxel.style.dev/:0
[   39075ms] [ERROR] Failed to load resource: the server responded with a status of 503 () @ https://a90068b0-8025-4913-8d34-00c8d9bca0b8-voxel.style.dev/:0
[   39056ms] [ERROR] Failed to load resource: the server responded with a status of 503 () @ https://8dc929f6-fcf7-42c1-8fbf-2fcebb83dc39-voxel.style.dev/:0
[   39060ms] [ERROR] Failed to load resource: the server responded with a status of 503 () @ https://431a5dba-6c3b-48c4-8eba-c8695cddfb08-voxel.style.dev/:0
[   39066ms] [ERROR] Failed to load resource: the server responded with a status of 503 () @ https://5f3e7a05-d159-4d6b-bb70-9327505c1e52-voxel.style.dev/:0
[   39075ms] [ERROR] Failed to load resource: the server responded with a status of 503 () @ https://a90068b0-8025-4913-8d34-00c8d9bca0b8-voxel.style.dev/:0
[   39084ms] [ERROR] Failed to load resource: the server responded with a status of 503 () @ https://4b9a309f-36e5-4a3c-9cfe-8bb17c1f8327-voxel.style.dev/:0
[   39056ms] [ERROR] Failed to load resource: the server responded with a status of 503 () @ https://8dc929f6-fcf7-42c1-8fbf-2fcebb83dc39-voxel.style.dev/:0
[   39060ms] [ERROR] Failed to load resource: the server responded with a status of 503 () @ https://431a5dba-6c3b-48c4-8eba-c8695cddfb08-voxel.style.dev/:0
[   39066ms] [ERROR] Failed to load resource: the server responded with a status of 503 () @ https://5f3e7a05-d159-4d6b-bb70-9327505c1e52-voxel.style.dev/:0
[   39075ms] [ERROR] Failed to load resource: the server responded with a status of 503 () @ https://a90068b0-8025-4913-8d34-00c8d9bca0b8-voxel.style.dev/:0
[   39084ms] [ERROR] Failed to load resource: the server responded with a status of 503 () @ https://4b9a309f-36e5-4a3c-9cfe-8bb17c1f8327-voxel.style.dev/:0
[   39091ms] [ERROR] Failed to load resource: the server responded with a status of 503 () @ https://8afe265e-28a7-43f8-978f-10f28948cd03-voxel.style.dev/:0
[   39056ms] [ERROR] Failed to load resource: the server responded with a status of 503 () @ https://8dc929f6-fcf7-42c1-8fbf-2fcebb83dc39-voxel.style.dev/:0
[   39060ms] [ERROR] Failed to load resource: the server responded with a status of 503 () @ https://431a5dba-6c3b-48c4-8eba-c8695cddfb08-voxel.style.dev/:0
[   39066ms] [ERROR] Failed to load resource: the server responded with a status of 503 () @ https://5f3e7a05-d159-4d6b-bb70-9327505c1e52-voxel.style.dev/:0
[   39075ms] [ERROR] Failed to load resource: the server responded with a status of 503 () @ https://a90068b0-8025-4913-8d34-00c8d9bca0b8-voxel.style.dev/:0
[   39084ms] [ERROR] Failed to load resource: the server responded with a status of 503 () @ https://4b9a309f-36e5-4a3c-9cfe-8bb17c1f8327-voxel.style.dev/:0
[   39091ms] [ERROR] Failed to load resource: the server responded with a status of 503 () @ https://8afe265e-28a7-43f8-978f-10f28948cd03-voxel.style.dev/:0
[   39100ms] [ERROR] Failed to load resource: the server responded with a status of 503 () @ https://da9394a7-ef61-4c17-92cf-12bac3babb96-voxel.style.dev/:0
[   39056ms] [ERROR] Failed to load resource: the server responded with a status of 503 () @ https://8dc929f6-fcf7-42c1-8fbf-2fcebb83dc39-voxel.style.dev/:0
[   39060ms] [ERROR] Failed to load resource: the server responded with a status of 503 () @ https://431a5dba-6c3b-48c4-8eba-c8695cddfb08-voxel.style.dev/:0
[   39066ms] [ERROR] Failed to load resource: the server responded with a status of 503 () @ https://5f3e7a05-d159-4d6b-bb70-9327505c1e52-voxel.style.dev/:0
[   39075ms] [ERROR] Failed to load resource: the server responded with a status of 503 () @ https://a90068b0-8025-4913-8d34-00c8d9bca0b8-voxel.style.dev/:0
[   39084ms] [ERROR] Failed to load resource: the server responded with a status of 503 () @ https://4b9a309f-36e5-4a3c-9cfe-8bb17c1f8327-voxel.style.dev/:0
[   39091ms] [ERROR] Failed to load resource: the server responded with a status of 503 () @ https://8afe265e-28a7-43f8-978f-10f28948cd03-voxel.style.dev/:0
[   39100ms] [ERROR] Failed to load resource: the server responded with a status of 503 () @ https://da9394a7-ef61-4c17-92cf-12bac3babb96-voxel.style.dev/:0
[   39347ms] [ERROR] Failed to load resource: the server responded with a status of 503 () @ https://8d24309b-a0ed-4224-a192-905109e2ed67-voxel.style.dev/:0
[   39056ms] [ERROR] Failed to load resource: the server responded with a status of 503 () @ https://8dc929f6-fcf7-42c1-8fbf-2fcebb83dc39-voxel.style.dev/:0
[   39060ms] [ERROR] Failed to load resource: the server responded with a status of 503 () @ https://431a5dba-6c3b-48c4-8eba-c8695cddfb08-voxel.style.dev/:0
[   39066ms] [ERROR] Failed to load resource: the server responded with a status of 503 () @ https://5f3e7a05-d159-4d6b-bb70-9327505c1e52-voxel.style.dev/:0
[   39075ms] [ERROR] Failed to load resource: the server responded with a status of 503 () @ https://a90068b0-8025-4913-8d34-00c8d9bca0b8-voxel.style.dev/:0
[   39084ms] [ERROR] Failed to load resource: the server responded with a status of 503 () @ https://4b9a309f-36e5-4a3c-9cfe-8bb17c1f8327-voxel.style.dev/:0
[   39091ms] [ERROR] Failed to load resource: the server responded with a status of 503 () @ https://8afe265e-28a7-43f8-978f-10f28948cd03-voxel.style.dev/:0
[   39100ms] [ERROR] Failed to load resource: the server responded with a status of 503 () @ https://da9394a7-ef61-4c17-92cf-12bac3babb96-voxel.style.dev/:0
[   39347ms] [ERROR] Failed to load resource: the server responded with a status of 503 () @ https://8d24309b-a0ed-4224-a192-905109e2ed67-voxel.style.dev/:0
[   39496ms] [ERROR] Failed to load resource: the server responded with a status of 503 () @ https://2c943bcb-1094-4eeb-9a31-09ef6e0e048b-voxel.style.dev/:0
[   39056ms] [ERROR] Failed to load resource: the server responded with a status of 503 () @ https://8dc929f6-fcf7-42c1-8fbf-2fcebb83dc39-voxel.style.dev/:0
[   39060ms] [ERROR] Failed to load resource: the server responded with a status of 503 () @ https://431a5dba-6c3b-48c4-8eba-c8695cddfb08-voxel.style.dev/:0
[   39066ms] [ERROR] Failed to load resource: the server responded with a status of 503 () @ https://5f3e7a05-d159-4d6b-bb70-9327505c1e52-voxel.style.dev/:0
[   39075ms] [ERROR] Failed to load resource: the server responded with a status of 503 () @ https://a90068b0-8025-4913-8d34-00c8d9bca0b8-voxel.style.dev/:0
[   39084ms] [ERROR] Failed to load resource: the server responded with a status of 503 () @ https://4b9a309f-36e5-4a3c-9cfe-8bb17c1f8327-voxel.style.dev/:0
[   39091ms] [ERROR] Failed to load resource: the server responded with a status of 503 () @ https://8afe265e-28a7-43f8-978f-10f28948cd03-voxel.style.dev/:0
[   39100ms] [ERROR] Failed to load resource: the server responded with a status of 503 () @ https://da9394a7-ef61-4c17-92cf-12bac3babb96-voxel.style.dev/:0
[   39347ms] [ERROR] Failed to load resource: the server responded with a status of 503 () @ https://8d24309b-a0ed-4224-a192-905109e2ed67-voxel.style.dev/:0
[   39496ms] [ERROR] Failed to load resource: the server responded with a status of 503 () @ https://2c943bcb-1094-4eeb-9a31-09ef6e0e048b-voxel.style.dev/:0
[   39629ms] [ERROR] Failed to load resource: the server responded with a status of 503 () @ https://885468e4-0d92-4a43-b01f-7f19d7ca80e7-voxel.style.dev/:0
[   39056ms] [ERROR] Failed to load resource: the server responded with a status of 503 () @ https://8dc929f6-fcf7-42c1-8fbf-2fcebb83dc39-voxel.style.dev/:0
[   39060ms] [ERROR] Failed to load resource: the server responded with a status of 503 () @ https://431a5dba-6c3b-48c4-8eba-c8695cddfb08-voxel.style.dev/:0
[   39066ms] [ERROR] Failed to load resource: the server responded with a status of 503 () @ https://5f3e7a05-d159-4d6b-bb70-9327505c1e52-voxel.style.dev/:0
[   39075ms] [ERROR] Failed to load resource: the server responded with a status of 503 () @ https://a90068b0-8025-4913-8d34-00c8d9bca0b8-voxel.style.dev/:0
[   39084ms] [ERROR] Failed to load resource: the server responded with a status of 503 () @ https://4b9a309f-36e5-4a3c-9cfe-8bb17c1f8327-voxel.style.dev/:0
[   39091ms] [ERROR] Failed to load resource: the server responded with a status of 503 () @ https://8afe265e-28a7-43f8-978f-10f28948cd03-voxel.style.dev/:0
[   39100ms] [ERROR] Failed to load resource: the server responded with a status of 503 () @ https://da9394a7-ef61-4c17-92cf-12bac3babb96-voxel.style.dev/:0
[   39347ms] [ERROR] Failed to load resource: the server responded with a status of 503 () @ https://8d24309b-a0ed-4224-a192-905109e2ed67-voxel.style.dev/:0
[   39496ms] [ERROR] Failed to load resource: the server responded with a status of 503 () @ https://2c943bcb-1094-4eeb-9a31-09ef6e0e048b-voxel.style.dev/:0
[   39629ms] [ERROR] Failed to load resource: the server responded with a status of 503 () @ https://885468e4-0d92-4a43-b01f-7f19d7ca80e7-voxel.style.dev/:0
[   40295ms] [ERROR] Failed to load resource: the server responded with a status of 503 () @ https://6aa59315-8099-4d93-9695-5109915ccd96-voxel.style.dev/:0
[   70277ms] [WARNING] Image with src "/placeholder-freestyle-logo.svg" was detected as the Largest Contentful Paint (LCP). Please add the `loading="eager"` property if this image is above the fold.
Read more: https://nextjs.org/docs/app/api-reference/components/image#loading @ https://f085bbeb-8d90-426a-bc18-5ff5d14377c4-voxel.style.dev/_next/static/chunks/node_modules_next_dist_f3530cac._.js:2297
[ 1344790ms] [ERROR] WebSocket connection to 'wss://f085bbeb-8d90-426a-bc18-5ff5d14377c4-voxel.style.dev/_next/webpack-hmr?id=DOtYD4OxsFJrlcrdU5rYu' failed: Error during WebSocket handshake: Unexpected response code: 503 @ https://f085bbeb-8d90-426a-bc18-5ff5d14377c4-voxel.style.dev/_next/static/chunks/node_modules_next_dist_client_17643121._.js:10878
[ 1376581ms] [ERROR] WebSocket connection to 'wss://f085bbeb-8d90-426a-bc18-5ff5d14377c4-voxel.style.dev/_next/webpack-hmr?id=DOtYD4OxsFJrlcrdU5rYu' failed: Error during WebSocket handshake: Unexpected response code: 503 @ https://f085bbeb-8d90-426a-bc18-5ff5d14377c4-voxel.style.dev/_next/static/chunks/node_modules_next_dist_client_17643121._.js:10878
[ 1408412ms] [ERROR] WebSocket connection to 'wss://f085bbeb-8d90-426a-bc18-5ff5d14377c4-voxel.style.dev/_next/webpack-hmr?id=DOtYD4OxsFJrlcrdU5rYu' failed: Error during WebSocket handshake: Unexpected response code: 503 @ https://f085bbeb-8d90-426a-bc18-5ff5d14377c4-voxel.style.dev/_next/static/chunks/node_modules_next_dist_client_17643121._.js:10878
[ 1440431ms] [ERROR] WebSocket connection to 'wss://f085bbeb-8d90-426a-bc18-5ff5d14377c4-voxel.style.dev/_next/webpack-hmr?id=DOtYD4OxsFJrlcrdU5rYu' failed: Error during WebSocket handshake: Unexpected response code: 503 @ https://f085bbeb-8d90-426a-bc18-5ff5d14377c4-voxel.style.dev/_next/static/chunks/node_modules_next_dist_client_17643121._.js:10878
[ 1472224ms] [ERROR] WebSocket connection to 'wss://f085bbeb-8d90-426a-bc18-5ff5d14377c4-voxel.style.dev/_next/webpack-hmr?id=DOtYD4OxsFJrlcrdU5rYu' failed: Error during WebSocket handshake: Unexpected response code: 503 @ https://f085bbeb-8d90-426a-bc18-5ff5d14377c4-voxel.style.dev/_next/static/chunks/node_modules_next_dist_client_17643121._.js:10878
[ 1507972ms] [ERROR] WebSocket connection to 'wss://f085bbeb-8d90-426a-bc18-5ff5d14377c4-voxel.style.dev/_next/webpack-hmr?id=DOtYD4OxsFJrlcrdU5rYu' failed: Error during WebSocket handshake: Unexpected response code: 503 @ https://f085bbeb-8d90-426a-bc18-5ff5d14377c4-voxel.style.dev/_next/static/chunks/node_modules_next_dist_client_17643121._.js:10878
[ 1543802ms] [ERROR] WebSocket connection to 'wss://f085bbeb-8d90-426a-bc18-5ff5d14377c4-voxel.style.dev/_next/webpack-hmr?id=DOtYD4OxsFJrlcrdU5rYu' failed: Error during WebSocket handshake: Unexpected response code: 503 @ https://f085bbeb-8d90-426a-bc18-5ff5d14377c4-voxel.style.dev/_next/static/chunks/node_modules_next_dist_client_17643121._.js:10878
[ 1579559ms] [ERROR] WebSocket connection to 'wss://f085bbeb-8d90-426a-bc18-5ff5d14377c4-voxel.style.dev/_next/webpack-hmr?id=DOtYD4OxsFJrlcrdU5rYu' failed: Error during WebSocket handshake: Unexpected response code: 503 @ https://f085bbeb-8d90-426a-bc18-5ff5d14377c4-voxel.style.dev/_next/static/chunks/node_modules_next_dist_client_17643121._.js:10878
[ 1615365ms] [ERROR] WebSocket connection to 'wss://f085bbeb-8d90-426a-bc18-5ff5d14377c4-voxel.style.dev/_next/webpack-hmr?id=DOtYD4OxsFJrlcrdU5rYu' failed: Error during WebSocket handshake: Unexpected response code: 503 @ https://f085bbeb-8d90-426a-bc18-5ff5d14377c4-voxel.style.dev/_next/static/chunks/node_modules_next_dist_client_17643121._.js:10878
[ 1651130ms] [ERROR] WebSocket connection to 'wss://f085bbeb-8d90-426a-bc18-5ff5d14377c4-voxel.style.dev/_next/webpack-hmr?id=DOtYD4OxsFJrlcrdU5rYu' failed: Error during WebSocket handshake: Unexpected response code: 503 @ https://f085bbeb-8d90-426a-bc18-5ff5d14377c4-voxel.style.dev/_next/static/chunks/node_modules_next_dist_client_17643121._.js:10878
[ 1686953ms] [ERROR] WebSocket connection to 'wss://f085bbeb-8d90-426a-bc18-5ff5d14377c4-voxel.style.dev/_next/webpack-hmr?id=DOtYD4OxsFJrlcrdU5rYu' failed: Error during WebSocket handshake: Unexpected response code: 503 @ https://f085bbeb-8d90-426a-bc18-5ff5d14377c4-voxel.style.dev/_next/static/chunks/node_modules_next_dist_client_17643121._.js:10878
[ 1722711ms] [ERROR] WebSocket connection to 'wss://f085bbeb-8d90-426a-bc18-5ff5d14377c4-voxel.style.dev/_next/webpack-hmr?id=DOtYD4OxsFJrlcrdU5rYu' failed: Error during WebSocket handshake: Unexpected response code: 503 @ https://f085bbeb-8d90-426a-bc18-5ff5d14377c4-voxel.style.dev/_next/static/chunks/node_modules_next_dist_client_17643121._.js:10878
[ 1753585ms] [ERROR] Failed to load resource: the server responded with a status of 503 () @ https://f085bbeb-8d90-426a-bc18-5ff5d14377c4-voxel.style.dev/:0
[25400867ms] [ERROR] WebSocket connection to 'ws://localhost:3003/_next/webpack-hmr?id=GxYIjYZ-z37WjyZlyVRVn' failed: Error in connection establishment: net::ERR_CONNECTION_REFUSED @ http://localhost:3003/_next/static/chunks/node_modules_next_dist_client_17643121._.js:10878
[25401867ms] [ERROR] WebSocket connection to 'ws://localhost:3003/_next/webpack-hmr?id=GxYIjYZ-z37WjyZlyVRVn' failed: Error in connection establishment: net::ERR_CONNECTION_REFUSED @ http://localhost:3003/_next/static/chunks/node_modules_next_dist_client_17643121._.js:10878
[25402868ms] [ERROR] WebSocket connection to 'ws://localhost:3003/_next/webpack-hmr?id=GxYIjYZ-z37WjyZlyVRVn' failed: Error in connection establishment: net::ERR_CONNECTION_REFUSED @ http://localhost:3003/_next/static/chunks/node_modules_next_dist_client_17643121._.js:10878
[25403869ms] [ERROR] WebSocket connection to 'ws://localhost:3003/_next/webpack-hmr?id=GxYIjYZ-z37WjyZlyVRVn' failed: Error in connection establishment: net::ERR_CONNECTION_REFUSED @ http://localhost:3003/_next/static/chunks/node_modules_next_dist_client_17643121._.js:10878
[25404870ms] [ERROR] WebSocket connection to 'ws://localhost:3003/_next/webpack-hmr?id=GxYIjYZ-z37WjyZlyVRVn' failed: Error in connection establishment: net::ERR_CONNECTION_REFUSED @ http://localhost:3003/_next/static/chunks/node_modules_next_dist_client_17643121._.js:10878
[25409875ms] [ERROR] WebSocket connection to 'ws://localhost:3003/_next/webpack-hmr?id=GxYIjYZ-z37WjyZlyVRVn' failed: Error in connection establishment: net::ERR_CONNECTION_REFUSED @ http://localhost:3003/_next/static/chunks/node_modules_next_dist_client_17643121._.js:10878
[25414878ms] [ERROR] WebSocket connection to 'ws://localhost:3003/_next/webpack-hmr?id=GxYIjYZ-z37WjyZlyVRVn' failed: Error in connection establishment: net::ERR_CONNECTION_REFUSED @ http://localhost:3003/_next/static/chunks/node_modules_next_dist_client_17643121._.js:10878
[25419887ms] [ERROR] WebSocket connection to 'ws://localhost:3003/_next/webpack-hmr?id=GxYIjYZ-z37WjyZlyVRVn' failed: Error in connection establishment: net::ERR_CONNECTION_REFUSED @ http://localhost:3003/_next/static/chunks/node_modules_next_dist_client_17643121._.js:10878
[25424896ms] [ERROR] WebSocket connection to 'ws://localhost:3003/_next/webpack-hmr?id=GxYIjYZ-z37WjyZlyVRVn' failed: Error in connection establishment: net::ERR_CONNECTION_REFUSED @ http://localhost:3003/_next/static/chunks/node_modules_next_dist_client_17643121._.js:10878
[25429969ms] [ERROR] WebSocket connection to 'ws://localhost:3003/_next/webpack-hmr?id=GxYIjYZ-z37WjyZlyVRVn' failed: Error in connection establishment: net::ERR_CONNECTION_REFUSED @ http://localhost:3003/_next/static/chunks/node_modules_next_dist_client_17643121._.js:10878
[25435126ms] [ERROR] WebSocket connection to 'ws://localhost:3003/_next/webpack-hmr?id=GxYIjYZ-z37WjyZlyVRVn' failed: Error in connection establishment: net::ERR_CONNECTION_REFUSED @ http://localhost:3003/_next/static/chunks/node_modules_next_dist_client_17643121._.js:10878
[25440349ms] [ERROR] WebSocket connection to 'ws://localhost:3003/_next/webpack-hmr?id=GxYIjYZ-z37WjyZlyVRVn' failed: Error in connection establishment: net::ERR_CONNECTION_REFUSED @ http://localhost:3003/_next/static/chunks/node_modules_next_dist_client_17643121._.js:10878
