[    6988ms] [WARNING] Image with src "/placeholder-freestyle-logo.svg" was detected as the Largest Contentful Paint (LCP). Please add the `loading="eager"` property if this image is above the fold.
Read more: https://nextjs.org/docs/app/api-reference/components/image#loading @ https://da9394a7-ef61-4c17-92cf-12bac3babb96-voxel.style.dev/_next/static/chunks/node_modules_next_dist_f3530cac._.js:2297
[    7595ms] [WARNING] Image with src "/placeholder-freestyle-logo.svg" was detected as the Largest Contentful Paint (LCP). Please add the `loading="eager"` property if this image is above the fold.
Read more: https://nextjs.org/docs/app/api-reference/components/image#loading @ https://a90068b0-8025-4913-8d34-00c8d9bca0b8-voxel.style.dev/_next/static/chunks/node_modules_next_dist_f3530cac._.js:2297
[    7848ms] [WARNING] Image with src "/placeholder-freestyle-logo.svg" was detected as the Largest Contentful Paint (LCP). Please add the `loading="eager"` property if this image is above the fold.
Read more: https://nextjs.org/docs/app/api-reference/components/image#loading @ https://431a5dba-6c3b-48c4-8eba-c8695cddfb08-voxel.style.dev/_next/static/chunks/node_modules_next_dist_f3530cac._.js:2297
[   35394ms] [ERROR] Failed to load resource: the server responded with a status of 503 () @ https://885468e4-0d92-4a43-b01f-7f19d7ca80e7-voxel.style.dev/:0
[   35394ms] [ERROR] Failed to load resource: the server responded with a status of 503 () @ https://885468e4-0d92-4a43-b01f-7f19d7ca80e7-voxel.style.dev/:0
[   35412ms] [ERROR] Failed to load resource: the server responded with a status of 503 () @ https://4b9a309f-36e5-4a3c-9cfe-8bb17c1f8327-voxel.style.dev/:0
[   35394ms] [ERROR] Failed to load resource: the server responded with a status of 503 () @ https://885468e4-0d92-4a43-b01f-7f19d7ca80e7-voxel.style.dev/:0
[   35412ms] [ERROR] Failed to load resource: the server responded with a status of 503 () @ https://4b9a309f-36e5-4a3c-9cfe-8bb17c1f8327-voxel.style.dev/:0
[   35417ms] [ERROR] Failed to load resource: the server responded with a status of 503 () @ https://8dc929f6-fcf7-42c1-8fbf-2fcebb83dc39-voxel.style.dev/:0
[   35996ms] [WARNING] Image with src "/placeholder-freestyle-logo.svg" was detected as the Largest Contentful Paint (LCP). Please add the `loading="eager"` property if this image is above the fold.
Read more: https://nextjs.org/docs/app/api-reference/components/image#loading @ https://8d24309b-a0ed-4224-a192-905109e2ed67-voxel.style.dev/_next/static/chunks/node_modules_next_dist_f3530cac._.js:2297
[   35394ms] [ERROR] Failed to load resource: the server responded with a status of 503 () @ https://885468e4-0d92-4a43-b01f-7f19d7ca80e7-voxel.style.dev/:0
[   35412ms] [ERROR] Failed to load resource: the server responded with a status of 503 () @ https://4b9a309f-36e5-4a3c-9cfe-8bb17c1f8327-voxel.style.dev/:0
[   35417ms] [ERROR] Failed to load resource: the server responded with a status of 503 () @ https://8dc929f6-fcf7-42c1-8fbf-2fcebb83dc39-voxel.style.dev/:0
[   36595ms] [ERROR] Failed to load resource: the server responded with a status of 503 () @ https://6aa59315-8099-4d93-9695-5109915ccd96-voxel.style.dev/:0
[   55094ms] [WARNING] Image with src "/placeholder-freestyle-logo.svg" was detected as the Largest Contentful Paint (LCP). Please add the `loading="eager"` property if this image is above the fold.
Read more: https://nextjs.org/docs/app/api-reference/components/image#loading @ https://2c943bcb-1094-4eeb-9a31-09ef6e0e048b-voxel.style.dev/_next/static/chunks/node_modules_next_dist_f3530cac._.js:2297
[   94829ms] [ERROR] WebSocket connection to 'ws://localhost:3009/_next/webpack-hmr?id=CT0IVTH884JOPsk3RWmIQ' failed: Error in connection establishment: net::ERR_CONNECTION_REFUSED @ http://localhost:3009/_next/static/chunks/node_modules_next_dist_client_17643121._.js:10878
[   95831ms] [ERROR] WebSocket connection to 'ws://localhost:3009/_next/webpack-hmr?id=CT0IVTH884JOPsk3RWmIQ' failed: Error in connection establishment: net::ERR_CONNECTION_REFUSED @ http://localhost:3009/_next/static/chunks/node_modules_next_dist_client_17643121._.js:10878
[   96832ms] [ERROR] WebSocket connection to 'ws://localhost:3009/_next/webpack-hmr?id=CT0IVTH884JOPsk3RWmIQ' failed: Error in connection establishment: net::ERR_CONNECTION_REFUSED @ http://localhost:3009/_next/static/chunks/node_modules_next_dist_client_17643121._.js:10878
[   97833ms] [ERROR] WebSocket connection to 'ws://localhost:3009/_next/webpack-hmr?id=CT0IVTH884JOPsk3RWmIQ' failed: Error in connection establishment: net::ERR_CONNECTION_REFUSED @ http://localhost:3009/_next/static/chunks/node_modules_next_dist_client_17643121._.js:10878
[   98834ms] [ERROR] WebSocket connection to 'ws://localhost:3009/_next/webpack-hmr?id=CT0IVTH884JOPsk3RWmIQ' failed: Error in connection establishment: net::ERR_CONNECTION_REFUSED @ http://localhost:3009/_next/static/chunks/node_modules_next_dist_client_17643121._.js:10878
[   99468ms] [ERROR] WebSocket connection to 'wss://2c943bcb-1094-4eeb-9a31-09ef6e0e048b-voxel.style.dev/_next/webpack-hmr?id=DOtYD4OxsFJrlcrdU5rYu' failed:  @ https://2c943bcb-1094-4eeb-9a31-09ef6e0e048b-voxel.style.dev/_next/static/chunks/node_modules_next_dist_client_17643121._.js:10878
[  103835ms] [ERROR] WebSocket connection to 'ws://localhost:3009/_next/webpack-hmr?id=CT0IVTH884JOPsk3RWmIQ' failed: Error in connection establishment: net::ERR_CONNECTION_REFUSED @ http://localhost:3009/_next/static/chunks/node_modules_next_dist_client_17643121._.js:10878
[  108836ms] [ERROR] WebSocket connection to 'ws://localhost:3009/_next/webpack-hmr?id=CT0IVTH884JOPsk3RWmIQ' failed: Error in connection establishment: net::ERR_CONNECTION_REFUSED @ http://localhost:3009/_next/static/chunks/node_modules_next_dist_client_17643121._.js:10878
[  113836ms] [ERROR] WebSocket connection to 'ws://localhost:3009/_next/webpack-hmr?id=CT0IVTH884JOPsk3RWmIQ' failed: Error in connection establishment: net::ERR_CONNECTION_REFUSED @ http://localhost:3009/_next/static/chunks/node_modules_next_dist_client_17643121._.js:10878
